TN:
SF:src/lib/combining.ts
FN:10,combining
FNF:1
FNH:1
FNDA:13,combining
DA:1,1
DA:2,1
DA:3,1
DA:10,1
DA:19,13
DA:20,13
DA:25,13
LF:7
LH:7
BRF:0
BRH:0
end_of_record
TN:
SF:src/lib/http-client.ts
FN:13,(anonymous_14)
FN:18,(anonymous_15)
FN:19,(anonymous_16)
FN:35,(anonymous_17)
FN:35,(anonymous_18)
FN:50,(anonymous_19)
FNF:6
FNH:6
FNDA:57,(anonymous_14)
FNDA:55,(anonymous_15)
FNDA:55,(anonymous_16)
FNDA:52,(anonymous_17)
FNDA:52,(anonymous_18)
FNDA:3,(anonymous_19)
DA:1,3
DA:2,3
DA:3,3
DA:11,3
DA:14,57
DA:15,44
DA:19,55
DA:20,55
DA:21,55
DA:22,16
DA:23,16
DA:24,12
DA:26,16
DA:28,55
DA:29,43
DA:34,55
DA:35,52
DA:36,52
DA:37,52
DA:38,4
DA:42,4
DA:44,48
DA:45,48
DA:47,1
DA:51,3
LF:25
LH:25
BRDA:14,0,0,44
BRDA:14,0,1,13
BRDA:14,1,0,13
BRDA:14,1,1,44
BRDA:14,2,0,57
BRDA:14,2,1,57
BRDA:21,3,0,16
BRDA:21,3,1,39
BRDA:23,4,0,12
BRDA:23,4,1,4
BRDA:23,5,0,16
BRDA:23,5,1,12
BRDA:28,6,0,43
BRDA:28,6,1,12
BRDA:37,7,0,4
BRDA:37,7,1,48
BRF:16
BRH:16
end_of_record
TN:
SF:src/lib/including.ts
FN:24,including
FN:25,(anonymous_9)
FN:25,(anonymous_10)
FN:26,(anonymous_11)
FN:40,(anonymous_12)
FN:54,(anonymous_13)
FN:95,childrening
FN:111,(anonymous_15)
FN:111,(anonymous_16)
FN:165,(anonymous_17)
FN:166,(anonymous_18)
FN:179,requestForChildren
FN:196,(anonymous_20)
FN:196,(anonymous_21)
FN:241,(anonymous_22)
FN:241,(anonymous_23)
FN:277,(anonymous_24)
FN:312,(anonymous_25)
FN:332,onSuccess
FN:391,(anonymous_28)
FN:392,(anonymous_29)
FN:404,(anonymous_30)
FN:408,request
FN:416,(anonymous_32)
FN:431,(anonymous_33)
FN:431,(anonymous_34)
FN:477,(anonymous_35)
FN:483,(anonymous_36)
FN:490,(anonymous_37)
FN:498,selectsAndExcludes
FN:506,(anonymous_39)
FN:526,(anonymous_40)
FNF:32
FNH:29
FNDA:28,including
FNDA:28,(anonymous_9)
FNDA:28,(anonymous_10)
FNDA:29,(anonymous_11)
FNDA:29,(anonymous_12)
FNDA:0,(anonymous_13)
FNDA:11,childrening
FNDA:11,(anonymous_15)
FNDA:11,(anonymous_16)
FNDA:11,(anonymous_17)
FNDA:13,(anonymous_18)
FNDA:13,requestForChildren
FNDA:13,(anonymous_20)
FNDA:13,(anonymous_21)
FNDA:13,(anonymous_22)
FNDA:13,(anonymous_23)
FNDA:0,(anonymous_24)
FNDA:2,(anonymous_25)
FNDA:26,onSuccess
FNDA:11,(anonymous_28)
FNDA:11,(anonymous_29)
FNDA:24,(anonymous_30)
FNDA:29,request
FNDA:29,(anonymous_32)
FNDA:25,(anonymous_33)
FNDA:25,(anonymous_34)
FNDA:25,(anonymous_35)
FNDA:0,(anonymous_36)
FNDA:4,(anonymous_37)
FNDA:2,selectsAndExcludes
FNDA:24,(anonymous_39)
FNDA:3,(anonymous_40)
DA:1,2
DA:2,2
DA:3,2
DA:5,2
DA:6,2
DA:7,2
DA:8,2
DA:24,2
DA:25,28
DA:26,29
DA:27,28
DA:28,28
DA:33,28
DA:34,28
DA:35,28
DA:36,29
DA:39,29
DA:41,29
DA:42,29
DA:43,2
DA:44,2
DA:45,1
DA:47,1
DA:50,0
DA:55,0
DA:56,0
DA:57,0
DA:59,0
DA:62,0
DA:66,29
DA:69,28
DA:70,28
DA:72,28
DA:73,0
DA:74,0
DA:76,0
DA:80,28
DA:82,0
DA:83,0
DA:86,28
DA:87,28
DA:89,0
DA:111,11
DA:112,11
DA:113,11
DA:114,11
DA:119,11
DA:120,2
DA:121,2
DA:122,4
DA:123,4
DA:124,2
DA:125,2
DA:126,2
DA:128,4
DA:139,4
DA:142,9
DA:143,9
DA:144,1
DA:146,9
DA:147,9
DA:148,0
DA:149,9
DA:150,1
DA:152,8
DA:154,9
DA:162,9
DA:165,11
DA:166,11
DA:167,13
DA:168,13
DA:175,11
DA:196,13
DA:197,13
DA:198,13
DA:199,13
DA:207,13
DA:211,13
DA:215,13
DA:219,13
DA:220,12
DA:221,12
DA:226,1
DA:231,13
DA:238,13
DA:239,13
DA:241,13
DA:242,13
DA:243,0
DA:244,0
DA:253,0
DA:256,13
DA:257,0
DA:260,13
DA:261,0
DA:265,13
DA:266,12
DA:267,0
DA:268,12
DA:269,0
DA:271,13
DA:272,1
DA:278,0
DA:279,0
DA:282,13
DA:283,0
DA:285,13
DA:286,1
DA:287,1
DA:289,12
DA:290,2
DA:291,2
DA:292,10
DA:293,2
DA:294,2
DA:295,0
DA:297,2
DA:298,8
DA:299,8
DA:307,0
DA:308,0
DA:313,2
DA:314,0
DA:317,2
DA:318,0
DA:319,0
DA:320,2
DA:321,0
DA:322,0
DA:324,2
DA:325,4
DA:329,13
DA:332,2
DA:343,26
DA:344,26
DA:345,26
DA:346,26
DA:347,26
DA:348,26
DA:349,1
DA:350,0
DA:352,1
DA:353,0
DA:355,1
DA:356,0
DA:358,1
DA:365,1
DA:368,26
DA:369,26
DA:370,10
DA:371,1
DA:373,10
DA:374,1
DA:376,10
DA:377,1
DA:379,10
DA:386,10
DA:390,26
DA:391,11
DA:392,11
DA:393,11
DA:394,11
DA:402,26
DA:403,17
DA:404,24
DA:406,9
DA:416,29
DA:417,29
DA:418,29
DA:419,29
DA:429,29
DA:431,25
DA:432,25
DA:433,1
DA:434,1
DA:443,0
DA:446,25
DA:447,0
DA:448,0
DA:450,25
DA:451,1
DA:454,24
DA:455,1
DA:459,25
DA:460,1
DA:462,25
DA:463,1
DA:464,1
DA:465,3
DA:468,0
DA:471,25
DA:478,25
DA:479,25
DA:480,2
DA:484,0
DA:488,25
DA:491,4
DA:499,2
DA:500,2
DA:501,2
DA:502,2
DA:503,2
DA:504,2
DA:505,2
DA:506,12
DA:507,24
DA:509,12
DA:510,12
DA:511,20
DA:512,5
DA:513,15
DA:514,0
DA:517,12
DA:518,4
DA:519,8
DA:520,3
DA:524,2
DA:525,2
DA:526,3
DA:528,0
LF:220
LH:179
BRDA:42,0,0,2
BRDA:42,0,1,27
BRDA:44,1,0,1
BRDA:44,1,1,1
BRDA:55,2,0,0
BRDA:55,2,1,0
BRDA:72,3,0,0
BRDA:72,3,1,28
BRDA:119,4,0,2
BRDA:119,4,1,9
BRDA:119,5,0,11
BRDA:119,5,1,10
BRDA:123,6,0,2
BRDA:123,6,1,2
BRDA:125,7,0,2
BRDA:125,7,1,0
BRDA:143,8,0,1
BRDA:143,8,1,8
BRDA:147,9,0,0
BRDA:147,9,1,9
BRDA:147,10,0,9
BRDA:147,10,1,0
BRDA:149,11,0,1
BRDA:149,11,1,8
BRDA:167,12,0,13
BRDA:167,12,1,0
BRDA:219,13,0,12
BRDA:219,13,1,1
BRDA:233,14,0,13
BRDA:233,14,1,12
BRDA:234,15,0,13
BRDA:234,15,1,12
BRDA:235,16,0,13
BRDA:235,16,1,12
BRDA:236,17,0,13
BRDA:236,17,1,13
BRDA:242,18,0,0
BRDA:242,18,1,13
BRDA:256,19,0,0
BRDA:256,19,1,13
BRDA:256,20,0,13
BRDA:256,20,1,0
BRDA:256,21,0,13
BRDA:256,21,1,13
BRDA:260,22,0,0
BRDA:260,22,1,13
BRDA:265,23,0,1
BRDA:265,23,1,12
BRDA:265,24,0,13
BRDA:265,24,1,12
BRDA:266,25,0,0
BRDA:266,25,1,12
BRDA:266,26,0,12
BRDA:266,26,1,0
BRDA:266,27,0,12
BRDA:266,27,1,12
BRDA:268,28,0,0
BRDA:268,28,1,12
BRDA:269,29,0,0
BRDA:269,29,1,0
BRDA:271,30,0,1
BRDA:271,30,1,12
BRDA:271,31,0,13
BRDA:271,31,1,12
BRDA:271,32,0,0
BRDA:271,32,1,13
BRDA:271,33,0,13
BRDA:271,33,1,13
BRDA:271,34,0,0
BRDA:271,34,1,12
BRDA:271,35,0,12
BRDA:271,35,1,12
BRDA:282,36,0,0
BRDA:282,36,1,13
BRDA:282,37,0,13
BRDA:282,37,1,13
BRDA:285,38,0,1
BRDA:285,38,1,12
BRDA:289,39,0,2
BRDA:289,39,1,10
BRDA:292,40,0,2
BRDA:292,40,1,8
BRDA:294,41,0,0
BRDA:294,41,1,2
BRDA:298,42,0,8
BRDA:298,42,1,0
BRDA:313,43,0,0
BRDA:313,43,1,2
BRDA:317,44,0,0
BRDA:317,44,1,2
BRDA:320,45,0,0
BRDA:320,45,1,2
BRDA:347,46,0,26
BRDA:347,46,1,0
BRDA:349,47,0,0
BRDA:349,47,1,1
BRDA:352,48,0,0
BRDA:352,48,1,1
BRDA:355,49,0,0
BRDA:355,49,1,1
BRDA:368,50,0,26
BRDA:368,50,1,0
BRDA:370,51,0,1
BRDA:370,51,1,9
BRDA:373,52,0,1
BRDA:373,52,1,9
BRDA:376,53,0,1
BRDA:376,53,1,9
BRDA:390,54,0,11
BRDA:390,54,1,15
BRDA:393,55,0,11
BRDA:393,55,1,0
BRDA:402,56,0,17
BRDA:402,56,1,9
BRDA:427,57,0,29
BRDA:427,57,1,29
BRDA:432,58,0,1
BRDA:432,58,1,24
BRDA:446,59,0,0
BRDA:446,59,1,25
BRDA:450,60,0,1
BRDA:450,60,1,24
BRDA:450,61,0,24
BRDA:450,61,1,1
BRDA:450,62,0,25
BRDA:450,62,1,25
BRDA:454,63,0,1
BRDA:454,63,1,23
BRDA:459,64,0,1
BRDA:459,64,1,24
BRDA:462,65,0,1
BRDA:462,65,1,24
BRDA:479,66,0,2
BRDA:479,66,1,23
BRDA:479,67,0,25
BRDA:479,67,1,24
BRDA:500,68,0,1
BRDA:500,68,1,1
BRDA:501,69,0,1
BRDA:501,69,1,1
BRDA:503,70,0,2
BRDA:503,70,1,1
BRDA:511,71,0,5
BRDA:511,71,1,15
BRDA:513,72,0,0
BRDA:513,72,1,15
BRDA:517,73,0,4
BRDA:517,73,1,8
BRDA:517,74,0,12
BRDA:517,74,1,8
BRDA:519,75,0,3
BRDA:519,75,1,5
BRDA:519,76,0,8
BRDA:519,76,1,4
BRDA:524,77,0,2
BRDA:524,77,1,0
BRF:156
BRH:123
end_of_record
TN:
SF:src/lib/mapping.ts
FN:5,replaceUrl
FN:6,(anonymous_1)
FN:11,mapParams
FN:14,(anonymous_3)
FN:25,createQuery
FN:33,(anonymous_5)
FN:47,mapIdentities
FN:69,mapKeynameForIncludes
FN:120,createIdentities
FN:134,(anonymous_9)
FN:148,(anonymous_10)
FN:149,(anonymous_11)
FN:152,(anonymous_12)
FN:157,(anonymous_13)
FN:160,(anonymous_14)
FN:175,(anonymous_15)
FN:180,(anonymous_16)
FN:183,(anonymous_17)
FN:186,(anonymous_18)
FN:199,mapDataFromList
FN:222,(anonymous_20)
FN:223,(anonymous_21)
FN:226,(anonymous_22)
FN:236,(anonymous_23)
FN:239,(anonymous_24)
FNF:25
FNH:24
FNDA:46,replaceUrl
FNDA:5,(anonymous_1)
FNDA:6,mapParams
FNDA:28,(anonymous_3)
FNDA:30,createQuery
FNDA:7,(anonymous_5)
FNDA:14,mapIdentities
FNDA:16,mapKeynameForIncludes
FNDA:15,createIdentities
FNDA:60,(anonymous_9)
FNDA:10,(anonymous_10)
FNDA:20,(anonymous_11)
FNDA:16,(anonymous_12)
FNDA:16,(anonymous_13)
FNDA:8,(anonymous_14)
FNDA:4,(anonymous_15)
FNDA:4,(anonymous_16)
FNDA:8,(anonymous_17)
FNDA:12,(anonymous_18)
FNDA:13,mapDataFromList
FNDA:3,(anonymous_20)
FNDA:5,(anonymous_21)
FNDA:0,(anonymous_22)
FNDA:11,(anonymous_23)
FNDA:6,(anonymous_24)
DA:3,3
DA:4,3
DA:5,3
DA:6,46
DA:7,5
DA:9,46
DA:11,3
DA:12,6
DA:13,6
DA:14,6
DA:15,28
DA:16,8
DA:17,8
DA:18,8
DA:22,6
DA:25,3
DA:32,30
DA:33,3
DA:34,7
DA:35,5
DA:36,5
DA:37,3
DA:38,3
DA:42,3
DA:44,27
DA:47,3
DA:48,14
DA:49,14
DA:50,19
DA:51,1
DA:53,18
DA:54,3
DA:55,6
DA:58,15
DA:61,14
DA:69,3
DA:80,16
DA:81,16
DA:82,7
DA:83,7
DA:84,7
DA:85,3
DA:87,4
DA:88,4
DA:89,4
DA:90,4
DA:91,0
DA:93,4
DA:94,4
DA:96,0
DA:99,0
DA:102,7
DA:103,7
DA:105,9
DA:106,8
DA:107,8
DA:108,8
DA:109,8
DA:110,8
DA:112,0
DA:114,8
DA:115,8
DA:118,16
DA:120,3
DA:129,15
DA:130,15
DA:131,9
DA:132,9
DA:133,9
DA:134,29
DA:135,60
DA:137,29
DA:138,15
DA:146,6
DA:147,2
DA:148,2
DA:149,10
DA:150,20
DA:152,16
DA:153,10
DA:155,2
DA:156,2
DA:157,16
DA:158,8
DA:159,8
DA:160,8
DA:161,8
DA:162,0
DA:163,8
DA:164,0
DA:166,8
DA:167,8
DA:168,4
DA:170,8
DA:175,2
DA:176,4
DA:177,0
DA:180,2
DA:181,4
DA:182,4
DA:183,4
DA:184,8
DA:185,8
DA:186,12
DA:187,8
DA:189,4
DA:197,15
DA:199,3
DA:212,13
DA:213,13
DA:214,13
DA:215,12
DA:216,12
DA:217,1
DA:218,1
DA:219,1
DA:221,11
DA:222,1
DA:223,3
DA:224,5
DA:225,0
DA:226,0
DA:229,3
DA:231,1
DA:232,1
DA:233,1
DA:235,10
DA:236,10
DA:237,11
DA:238,5
DA:239,6
DA:242,8
DA:243,8
DA:244,8
DA:247,11
LF:135
LH:126
BRDA:15,0,0,8
BRDA:15,0,1,20
BRDA:16,1,0,8
BRDA:16,1,1,0
BRDA:32,2,0,3
BRDA:32,2,1,27
BRDA:34,3,0,5
BRDA:34,3,1,2
BRDA:36,4,0,3
BRDA:36,4,1,2
BRDA:50,5,0,1
BRDA:50,5,1,18
BRDA:53,6,0,3
BRDA:53,6,1,15
BRDA:81,7,0,7
BRDA:81,7,1,9
BRDA:84,8,0,3
BRDA:84,8,1,4
BRDA:84,9,0,4
BRDA:84,9,1,3
BRDA:84,10,0,7
BRDA:84,10,1,7
BRDA:87,11,0,4
BRDA:87,11,1,0
BRDA:90,12,0,0
BRDA:90,12,1,4
BRDA:93,13,0,4
BRDA:93,13,1,0
BRDA:108,14,0,8
BRDA:108,14,1,0
BRDA:130,15,0,9
BRDA:130,15,1,6
BRDA:132,16,0,9
BRDA:132,16,1,0
BRDA:137,17,0,15
BRDA:137,17,1,14
BRDA:146,18,0,2
BRDA:146,18,1,4
BRDA:161,19,0,0
BRDA:161,19,1,8
BRDA:163,20,0,0
BRDA:163,20,1,8
BRDA:167,21,0,4
BRDA:167,21,1,4
BRDA:176,22,0,0
BRDA:176,22,1,4
BRDA:183,23,0,0
BRDA:183,23,1,4
BRDA:183,24,0,4
BRDA:183,24,1,4
BRDA:216,25,0,1
BRDA:216,25,1,11
BRDA:221,26,0,1
BRDA:221,26,1,10
BRDA:224,27,0,5
BRDA:224,27,1,0
BRDA:237,28,0,6
BRDA:237,28,1,5
BRDA:242,29,0,8
BRDA:242,29,1,1
BRF:60
BRH:49
end_of_record
TN:
SF:src/lib/my-object.ts
FN:4,(anonymous_6)
FN:5,(anonymous_7)
FN:9,(anonymous_8)
FN:12,(anonymous_9)
FN:21,(anonymous_10)
FN:27,(anonymous_11)
FNF:6
FNH:6
FNDA:6,(anonymous_6)
FNDA:22,(anonymous_7)
FNDA:34,(anonymous_8)
FNDA:9,(anonymous_9)
FNDA:39,(anonymous_10)
FNDA:129,(anonymous_11)
DA:1,3
DA:2,3
DA:3,3
DA:5,6
DA:6,22
DA:10,34
DA:13,9
DA:14,9
DA:15,19
DA:16,17
DA:19,9
DA:22,39
DA:27,39
DA:28,129
DA:29,129
DA:30,117
DA:31,117
DA:32,12
DA:33,12
DA:34,12
DA:35,8
DA:37,4
DA:39,12
DA:43,39
LF:24
LH:24
BRDA:15,0,0,17
BRDA:15,0,1,2
BRDA:16,1,0,17
BRDA:16,1,1,2
BRDA:29,2,0,117
BRDA:29,2,1,12
BRDA:31,3,0,12
BRDA:31,3,1,105
BRDA:34,4,0,8
BRDA:34,4,1,4
BRF:10
BRH:10
end_of_record
TN:
SF:src/lib/my-string.ts
FN:3,(anonymous_1)
FNF:1
FNH:1
FNDA:47,(anonymous_1)
DA:1,4
DA:2,4
DA:4,47
LF:3
LH:3
BRF:0
BRH:0
end_of_record
TN:
SF:src/lib/random.ts
FN:2,(anonymous_0)
FN:11,(anonymous_1)
FN:20,(anonymous_2)
FN:29,(anonymous_3)
FNF:4
FNH:4
FNDA:156,(anonymous_0)
FNDA:113,(anonymous_1)
FNDA:121,(anonymous_2)
FNDA:135,(anonymous_3)
DA:1,5
DA:3,156
DA:4,156
DA:5,156
DA:6,156
DA:7,1521
DA:9,156
DA:12,113
DA:13,113
DA:14,113
DA:15,113
DA:16,1215
DA:18,113
DA:21,121
DA:22,121
DA:23,121
DA:24,121
DA:25,1255
DA:27,121
DA:30,135
DA:31,135
DA:32,135
DA:33,135
DA:34,666
DA:36,135
LF:25
LH:25
BRF:0
BRH:0
end_of_record
TN:
SF:src/lib/regex.ts
FN:1,isNumber
FN:4,isNotNumber
FNF:2
FNH:2
FNDA:125,isNumber
FNDA:108,isNotNumber
DA:1,4
DA:2,125
DA:4,4
DA:5,108
LF:4
LH:4
BRF:0
BRH:0
end_of_record
TN:
SF:src/models/Action.ts
FN:12,(anonymous_0)
FN:22,(anonymous_1)
FN:30,(anonymous_2)
FNF:3
FNH:3
FNDA:18,(anonymous_0)
FNDA:8,(anonymous_1)
FNDA:11,(anonymous_2)
DA:1,5
DA:13,18
DA:14,18
DA:15,18
DA:16,18
DA:17,18
DA:18,18
DA:19,18
DA:20,18
DA:21,18
DA:22,7
DA:23,8
DA:26,11
DA:31,11
LF:14
LH:14
BRDA:21,0,0,7
BRDA:21,0,1,11
BRF:2
BRH:2
end_of_record
TN:
SF:src/models/Include.ts
FN:228,(anonymous_0)
FN:270,(anonymous_1)
FN:277,(anonymous_2)
FN:285,(anonymous_3)
FN:289,(anonymous_4)
FN:297,(anonymous_5)
FN:318,(anonymous_6)
FN:337,(anonymous_7)
FN:357,(anonymous_8)
FNF:9
FNH:6
FNDA:75,(anonymous_0)
FNDA:16,(anonymous_1)
FNDA:1,(anonymous_2)
FNDA:46,(anonymous_3)
FNDA:37,(anonymous_4)
FNDA:0,(anonymous_5)
FNDA:0,(anonymous_6)
FNDA:0,(anonymous_7)
FNDA:4,(anonymous_8)
DA:194,5
DA:229,75
DA:230,75
DA:231,75
DA:232,75
DA:233,75
DA:234,75
DA:235,75
DA:236,75
DA:237,75
DA:238,75
DA:239,75
DA:240,75
DA:241,75
DA:242,75
DA:243,75
DA:244,75
DA:245,75
DA:246,75
DA:247,75
DA:248,75
DA:249,75
DA:250,75
DA:251,75
DA:252,75
DA:253,75
DA:254,75
DA:258,5
DA:260,70
DA:262,75
DA:263,5
DA:264,70
DA:265,0
DA:267,70
DA:269,75
DA:270,28
DA:271,16
DA:274,47
DA:276,75
DA:277,5
DA:278,1
DA:281,70
DA:286,46
DA:291,37
DA:294,37
DA:300,0
DA:315,0
DA:321,0
DA:334,0
DA:340,0
DA:354,0
DA:358,4
DA:359,4
DA:360,4
LF:54
LH:47
BRDA:233,0,0,75
BRDA:233,0,1,74
BRDA:235,1,0,75
BRDA:235,1,1,71
BRDA:244,2,0,75
BRDA:244,2,1,68
BRDA:247,3,0,75
BRDA:247,3,1,74
BRDA:248,4,0,4
BRDA:248,4,1,71
BRDA:254,5,0,5
BRDA:254,5,1,70
BRDA:255,6,0,75
BRDA:255,6,1,5
BRDA:262,7,0,5
BRDA:262,7,1,70
BRDA:262,8,0,75
BRDA:262,8,1,5
BRDA:264,9,0,0
BRDA:264,9,1,70
BRDA:264,10,0,70
BRDA:264,10,1,0
BRDA:269,11,0,28
BRDA:269,11,1,47
BRDA:276,12,0,5
BRDA:276,12,1,70
BRDA:291,13,0,37
BRDA:291,13,1,23
BRDA:291,13,2,0
BRDA:291,13,3,23
BRDA:292,14,0,0
BRDA:292,14,1,0
BRDA:292,15,0,0
BRDA:292,15,1,0
BRF:34
BRH:27
end_of_record
TN:
SF:src/models/Session.ts
FN:13,(anonymous_0)
FN:16,(anonymous_1)
FN:19,(anonymous_2)
FN:22,(anonymous_3)
FN:25,(anonymous_4)
FN:28,(anonymous_5)
FN:31,(anonymous_6)
FN:34,(anonymous_7)
FN:37,(anonymous_8)
FN:40,(anonymous_9)
FN:50,(anonymous_10)
FN:63,(anonymous_11)
FNF:12
FNH:11
FNDA:30,(anonymous_0)
FNDA:53,(anonymous_1)
FNDA:50,(anonymous_2)
FNDA:6,(anonymous_3)
FNDA:48,(anonymous_4)
FNDA:2,(anonymous_5)
FNDA:48,(anonymous_6)
FNDA:13,(anonymous_7)
FNDA:26,(anonymous_8)
FNDA:88,(anonymous_9)
FNDA:0,(anonymous_10)
FNDA:112,(anonymous_11)
DA:1,7
DA:2,7
DA:3,7
DA:4,7
DA:14,30
DA:17,53
DA:20,50
DA:23,6
DA:26,48
DA:29,2
DA:32,48
DA:35,13
DA:38,26
DA:41,88
DA:42,88
DA:51,0
DA:64,112
LF:17
LH:16
BRDA:43,0,0,88
BRDA:43,0,1,80
BRDA:43,1,0,1
BRDA:43,1,1,87
BRDA:43,2,0,88
BRDA:43,2,1,87
BRDA:44,3,0,88
BRDA:44,3,1,82
BRDA:44,4,0,1
BRDA:44,4,1,87
BRDA:44,5,0,88
BRDA:44,5,1,87
BRDA:45,6,0,88
BRDA:45,6,1,80
BRDA:45,7,0,1
BRDA:45,7,1,87
BRDA:45,8,0,88
BRDA:45,8,1,87
BRF:18
BRH:18
end_of_record
TN:
SF:src/models/index.ts
FNF:0
FNH:0
DA:1,4
DA:2,4
DA:3,4
DA:4,4
LF:4
LH:4
BRF:0
BRH:0
end_of_record
